============================= test session starts ==============================
platform linux -- Python 3.12.3, pytest-8.2.2, pluggy-1.6.0
rootdir: /root/dotmac
configfile: pytest.ini
plugins: playwright-0.7.2, base-url-2.1.0, asyncio-1.3.0, anyio-4.12.1, cov-5.0.0
asyncio: mode=Mode.AUTO, debug=False, asyncio_default_fixture_loop_scope=function, asyncio_default_test_loop_scope=function
collected 3603 items / 8 deselected / 3595 selected

tests/api/ifrs/test_banking_api.py ........................              [  0%]
tests/api/ifrs/test_gl_api.py .....................                      [  1%]
tests/api/ifrs/test_inv_api.py ..........................                [  1%]
tests/finance/test_ap_payment_batch_service.py .....                     [  2%]
tests/finance/test_ap_supplier_invoice_service.py .....                  [  2%]
tests/finance/test_ap_supplier_payment_service.py ......                 [  2%]
tests/finance/test_ar_customer_payment_service.py .......                [  2%]
tests/finance/test_ar_invoice_service.py ........                        [  2%]
tests/finance/test_ar_receipt_bulk_service.py ......                     [  3%]
tests/finance/test_bank_reconciliation_service.py ............           [  3%]
tests/finance/test_gl_journal_service.py .....                           [  3%]
tests/finance/test_gl_ledger_posting_service.py .......                  [  3%]
tests/finance/test_paystack_payments.py ...                              [  3%]
tests/finance/test_settings_web_email_profiles.py .                      [  3%]
tests/ifrs/ap/test_ap_aging_service.py ........................          [  4%]
tests/ifrs/ap/test_ap_multi_tenant_security.py ......................... [  5%]
                                                                         [  5%]
tests/ifrs/ap/test_ap_posting_adapter.py ............................... [  6%]
......                                                                   [  6%]
tests/ifrs/ap/test_goods_receipt_service.py ............................ [  6%]
.                                                                        [  6%]
tests/ifrs/ap/test_payment_batch_service.py ............................ [  7%]
......                                                                   [  7%]
tests/ifrs/ap/test_purchase_order_service.py ........................... [  8%]
.....                                                                    [  8%]
tests/ifrs/ap/test_supplier_invoice_service.py ......................... [  9%]
.........                                                                [  9%]
tests/ifrs/ap/test_supplier_payment_service.py ...........               [ 10%]
tests/ifrs/ap/test_supplier_service.py ................                  [ 10%]
tests/ifrs/ar/test_ar_aging_service.py ................................. [ 11%]
...                                                                      [ 11%]
tests/ifrs/ar/test_ar_posting_adapter.py ............................... [ 12%]
..                                                                       [ 12%]
tests/ifrs/ar/test_contract_service.py ................................. [ 13%]
..........                                                               [ 13%]
tests/ifrs/ar/test_customer_payment_service.py ...........               [ 13%]
tests/ifrs/ar/test_customer_service.py .....................             [ 14%]
tests/ifrs/ar/test_invoice_service.py .................................. [ 15%]
...                                                                      [ 15%]
tests/ifrs/ar/test_quote_service.py ...................................  [ 16%]
tests/ifrs/ar/test_sales_order_service.py .............................. [ 17%]
..........                                                               [ 17%]
tests/ifrs/ar/test_splynx_sync_service.py .............................. [ 18%]
...........                                                              [ 18%]
tests/ifrs/banking/test_bank_account_service.py ........................ [ 19%]
.                                                                        [ 19%]
tests/ifrs/banking/test_bank_reconciliation_service.py ................. [ 19%]
........................                                                 [ 20%]
tests/ifrs/banking/test_bank_statement_service.py ...................... [ 21%]
...                                                                      [ 21%]
tests/ifrs/banking/test_banking_security.py ............                 [ 21%]
tests/ifrs/bulk/test_account_bulk_service.py ........................... [ 22%]
......                                                                   [ 22%]
tests/ifrs/bulk/test_customer_bulk_service.py .......................... [ 23%]
.....                                                                    [ 23%]
tests/ifrs/bulk/test_supplier_bulk_service.py .......................... [ 24%]
...                                                                      [ 24%]
tests/ifrs/common/test_attachment_service.py ........................... [ 24%]
....                                                                     [ 25%]
tests/ifrs/common/test_formatters.py ................................... [ 26%]
............                                                             [ 26%]
tests/ifrs/common/test_helpers.py ............                           [ 26%]
tests/ifrs/common/test_numbering_service.py ............................ [ 27%]
...........                                                              [ 27%]
tests/ifrs/common/test_search.py ...............                         [ 28%]
tests/ifrs/cons/test_cons_posting_adapter.py ........................... [ 28%]
.                                                                        [ 29%]
tests/ifrs/cons/test_consolidation_service.py .......................... [ 29%]
.............                                                            [ 30%]
tests/ifrs/exp/test_expense_service.py .............................     [ 30%]
tests/ifrs/fa/test_asset_service.py .......................              [ 31%]
tests/ifrs/fa/test_depreciation_service.py ....................          [ 32%]
tests/ifrs/fa/test_disposal_service.py ...........                       [ 32%]
tests/ifrs/fa/test_fa_posting_adapter.py ................                [ 32%]
tests/ifrs/fa/test_fa_web_service.py ....................                [ 33%]
tests/ifrs/fa/test_revaluation_service.py ...........                    [ 33%]
tests/ifrs/gl/test_account_balance_service.py ........                   [ 33%]
tests/ifrs/gl/test_chart_of_accounts_service.py .................        [ 34%]
tests/ifrs/gl/test_fiscal_period_service.py .....................        [ 34%]
tests/ifrs/gl/test_fiscal_year_service.py .................              [ 35%]
tests/ifrs/gl/test_gl_posting_adapter.py .........                       [ 35%]
tests/ifrs/gl/test_journal_service.py .................................. [ 36%]
.............................                                            [ 37%]
tests/ifrs/gl/test_ledger_posting_service.py ...............             [ 37%]
tests/ifrs/gl/test_period_guard_service.py .....................         [ 38%]
tests/ifrs/gl/test_reversal_service.py .................                 [ 38%]
tests/ifrs/import_export/test_account_importer.py ...................... [ 39%]
...........                                                              [ 39%]
tests/ifrs/import_export/test_base_importer.py ......................... [ 40%]
.................................................                        [ 41%]
tests/ifrs/import_export/test_contacts_importer.py ...................   [ 42%]
tests/ifrs/import_export/test_validation_rules.py ...................... [ 43%]
..........................                                               [ 43%]
tests/ifrs/inv/test_balance_service.py ................................. [ 44%]
............                                                             [ 45%]
tests/ifrs/inv/test_bom_service.py ...............................       [ 45%]
tests/ifrs/inv/test_count_service.py ................................... [ 46%]
...                                                                      [ 46%]
tests/ifrs/inv/test_fifo_valuation_service.py .................          [ 47%]
tests/ifrs/inv/test_inv_posting_adapter.py ............................. [ 48%]
                                                                         [ 48%]
tests/ifrs/inv/test_inv_transaction_service.py ......................... [ 48%]
.................                                                        [ 49%]
tests/ifrs/inv/test_inv_web_service.py ....................              [ 49%]
tests/ifrs/inv/test_item_service.py ...........................          [ 50%]
tests/ifrs/inv/test_lot_serial_service.py .........................      [ 51%]
tests/ifrs/inv/test_material_request_sync.py ........................... [ 52%]
........                                                                 [ 52%]
tests/ifrs/inv/test_price_list_service.py .............................. [ 53%]
...........                                                              [ 53%]
tests/ifrs/inv/test_transaction_service.py ................              [ 53%]
tests/ifrs/inv/test_warehouse_service.py ........................        [ 54%]
tests/ifrs/lease/test_lease_calculation_service.py ..................... [ 55%]
....                                                                     [ 55%]
tests/ifrs/lease/test_lease_contract_service.py .....................    [ 55%]
tests/ifrs/lease/test_lease_modification_service.py ..............       [ 56%]
tests/ifrs/lease/test_lease_posting_adapter.py ......................... [ 56%]
                                                                         [ 56%]
tests/ifrs/lease/test_lease_variable_payment_service.py ...........      [ 57%]
tests/ifrs/platform/test_approval_workflow_service.py ss........         [ 57%]
tests/ifrs/platform/test_audit_log_service.py ...............            [ 57%]
tests/ifrs/platform/test_authorization_service.py s....................  [ 58%]
tests/ifrs/platform/test_feature_flag_service.py ................        [ 59%]
tests/ifrs/platform/test_fx_service.py ..................                [ 59%]
tests/ifrs/platform/test_idempotency_service.py ...........              [ 59%]
tests/ifrs/platform/test_org_context_service.py ........................ [ 60%]
..............                                                           [ 60%]
tests/ifrs/platform/test_outbox_publisher.py .ss.............            [ 61%]
tests/ifrs/platform/test_sequence_service.py ............                [ 61%]
tests/ifrs/rpt/test_report_definition_service.py ....................    [ 62%]
tests/ifrs/rpt/test_report_instance_service.py ........................  [ 62%]
tests/ifrs/rpt/test_report_scheduler_service.py ........................ [ 63%]
....                                                                     [ 63%]
tests/ifrs/tax/test_deferred_tax_service.py ............................ [ 64%]
........                                                                 [ 64%]
tests/ifrs/tax/test_tax_master_service.py .................              [ 65%]
tests/ifrs/tax/test_tax_period_service.py ....................           [ 65%]
tests/ifrs/tax/test_tax_posting_adapter.py ...................           [ 66%]
tests/ifrs/tax/test_tax_reconciliation_service.py ...................... [ 66%]
........                                                                 [ 67%]
tests/ifrs/tax/test_tax_return_service.py ...................            [ 67%]
tests/ifrs/tax/test_tax_transaction_service.py ........................  [ 68%]
tests/ifrs/tax/test_tax_web_service.py ...........                       [ 68%]
tests/integration/ifrs/test_ap_inventory_integration.py ssssss           [ 68%]
tests/integration/ifrs/test_ar_inventory_integration.py sssssssssssssss  [ 69%]
tests/integration/ifrs/test_capitalization_service.py ssssssssssssssss.. [ 69%]
.                                                                        [ 69%]
tests/integration/services/test_careers_service.py ssssssssssss          [ 70%]
tests/integration/services/test_document_generator.py ssssssssss         [ 70%]
tests/people/discipline/test_discipline_service.py ..................... [ 70%]
..............                                                           [ 71%]
tests/people/payroll/test_event_handlers.py .................            [ 71%]
tests/people/payroll/test_exports.py ...                                 [ 71%]
tests/people/payroll/test_loan_web_search.py ..                          [ 71%]
tests/people/payroll/test_lwp_leave_integration.py ............          [ 72%]
tests/people/payroll/test_numbering.py ............                      [ 72%]
tests/people/payroll/test_paye_calculator.py ..........................  [ 73%]
tests/people/payroll/test_payroll_gl_adapter.py ..                       [ 73%]
tests/people/payroll/test_payroll_lifecycle.py ......................... [ 74%]
.....................................................................    [ 75%]
tests/people/payroll/test_payroll_service_ytd.py .                       [ 75%]
tests/people/payroll/test_salary_slip_paye_integration.py .............. [ 76%]
                                                                         [ 76%]
tests/people/payroll/test_tax_calculator.py ...........................  [ 77%]
tests/people/payroll/test_working_days_calculator.py ...............     [ 77%]
tests/services/test_approver_authority.py .............                  [ 77%]
tests/services/test_audit.py ........................................... [ 79%]
.                                                                        [ 79%]
tests/services/test_audit_dispatcher.py .........                        [ 79%]
tests/services/test_bulk_actions.py .................................... [ 80%]
...                                                                      [ 80%]
tests/services/test_common.py ................                           [ 80%]
tests/services/test_file_upload.py .......................               [ 81%]
tests/services/test_formatting_context.py .............................. [ 82%]
............................                                             [ 83%]
tests/services/test_onboarding_service.py ............                   [ 83%]
tests/services/test_resume_service.py ............                       [ 83%]
tests/services/test_scheduler.py .................................       [ 84%]
tests/services/test_scheduler_config.py ................................ [ 85%]
.......                                                                  [ 85%]
tests/services/test_workflow_engine.py ................................. [ 86%]
......                                                                   [ 86%]
tests/sync/test_dotmac_crm_sync_service.py ............................. [ 87%]
.......................                                                  [ 88%]
tests/test_api_audit.py .....................                            [ 88%]
tests/test_api_auth_flow.py ..................................           [ 89%]
tests/test_api_discipline.py .............                               [ 90%]
tests/test_api_fa_post_acquisition.py .                                  [ 90%]
tests/test_api_persons.py .................                              [ 90%]
tests/test_api_rbac.py ................................                  [ 91%]
tests/test_api_scheduler.py .....................                        [ 92%]
tests/test_api_settings.py .............................                                                                                                                                                                                                                                                                                                                                                                                                                                                                                                                                                                                                                                                                                                                                                                                                                                                                                                                                                                                                                                                                                                                                                                                                                                                                                                                                                                                                                                                                                                                                                                                                                                                                                                                                                                                                                                                                                                                                                                                                                                                                                                                                                                                                                                                                                                                                                                                                                                                                                                                                                                                                                                                                                                                                                                                                                                                                                                                                                                                                                                                                                                                                                                                                                                                                                                                                                                                                                                                                                                                                                                                                                                                                                                                                                                                                                                                                                                                                                                                                                                                                                                                                                                                                                                                                                                                                                                                                                                                                                                                                                                                                                                                                                                                                                                                                                                                                                                                                                                                                                                                                                                                                                                                                                                                                                                                                                                                                                                                                                                                                                                                                                                                                                                                                                                                                                                                                                                                                                                                                                                                                                                                                                                                                                                                                                                                                                                                                                                                                                                                                                                                                                                                                                                                                                                                                                                                                                                                                                                                                                                                                                                                                                                                                                                                                                                                                                                                                                                                                                                                                                                                                                                                                                                                                                                                                                                                                                                                                                                                                                                                                                                                                                                                                                                                                                                                                                                                                                                                                                                                                                                                                                                                                                                                                                                                                                                                                                                                                                                                                                                                                                                                                                                                                                                                                                                                                                                                                                                                                                                                                                                                                                                                                                                                                                                                                                                                                                                                                                                                                                                                                                                                                                                                                                                                                                                                                                                                                                                                                                                                                                                                                                                                                                                                                                                                                                                                                                                                                                                                                                                                                                                                                                                                                                                                                                                                                                                                                                                                                                                                                                                                                                                                                                                                                                                                                                                                                                                                                                                                                                                                                                                                                                                                                                                                                                                                                                                                                                                                                                                                                                                                                                                                                                                                                                                                                                                                                                                                                                                                                                                                                                                                                                                                                                                                                                                                                                                                                                                                                                                                                                                                                                                                                                                                                                                                                                                                                                                                                                                                                                                                                                                                                                                                                                                                                                                                                                                                                                                                                                                                                                                                                                                                                                                                                                                                                                                                                                                                                                                                                                                                                                                                                                                                                                                                                                                                                                                                                                                                                                                                                                                                                                                                                                                                                                                                                                                                                                                                                                                                                                                                                                                                                                                                                                                                                                                                                                                                                                                                                                                                                                                                                                                                                                                                                                                                                                                                                                                                                                                                                                                                                                                                                                                                                                                                                                                                                                                                                                                                                                                                                                                                                                                                                                                                                                                                                                                                                                                                                                                                                                                                                                                                                                                                                                                                                                                                                                                                                                                                                                                                                                                                                                                                                                                                                                                                                                                                                                                                                                                                                                                                                                                                                                                                                                                                                                                                                                                                                                                                                                                                                                                                                                                                                                                                                                                                                                                                                                                                                                                                                                                                                                                                                                                                                                                                                                                                                                                                                                                                                                                                                                                                                                                                                                                                                                                                                                                                                                                                                                                                                                                                                                                                                                                                                                                                                                                                                                                                                                                                                                                                                                                                                                                                                                                                                                                                                                                                                                                                                                                                                                                                                                                                                                                                                                                                                                                                                                                                                                                                                                                                                                                                                                                                                                                                                                                                                                                                                                                                                                                                                                                                                                                                                                                                                                                                                                                                                                                                                                                                                                                                                                                                                                                                                                                                                                                                                                                                                                                                                                                                                                                                                                                                                                                                                                                                                                                                                                                                                                                                                                                                                                                                                                                                                                                                                                                                                                                                                                                                                                                                                                                                                                                                                                                                                                                                                                                                                                                                                                                                                                                                                                                                                                                                                                                                                                                                                                                                                                                                                                                                                                                                                                                                                                                                                                                                                                                                                                                                                                                                                                                                                                                                                                                                                                                                                                                                                                                                                                                                                                                                                                                                                                                                                                                                                                                                                                                                                                                                                                                                                                                                                                                                                                                                                                                                                                                                                                                                                                                                                                                                                                                                                                                                                                                                                                                                                                                                                                                                                                                                                                                                                                                                                                                                                                                                                                                                                                                                                                                                                                                                                                                                                                                                                                                                                                                                                                                                                                                                                                                                                                                                                                                                                                                                                                                                                                                                                                                                                                                                                                                                                                                                                                                                                                                                                                                                                                                                                                                                                                                                                                                                                                                                                                                                                                                                                                                                                                                                                                                                                                                                                                                                                                                                                                                                                                                                                                                                                                                                                                                                                                                                                                                                                                                                                                                                                                                                                                                                                                                                                                                                                                                                                                                                                                                                                                                                                                                                                                                                                                                                                                                                                                                                                                                                                                                                                                                                                                                                                                                                                                                                                                                                                                                                                                                                                                                                                                                                                                                                                                                                                                                                                                                                                                                                                                                                                                                                                                                                                                                                                                                                                                                                                                                                                                                                                                                                                                                                                                                                                                                                                                                                                                                                                                                                                                                                                                                                                                                                                                                                                                                                                                                                                                                                                                                                                                                                                                                                                                                                                                                                                                                                                                                                                                                                                                                                                                                                                                                                                                                                                                                                                                                                                                                                                                                                                                                                                                                                                                                                                                                                                                                                                                                                                                                                                                                                                                                                                                                                                                                                                                                                                                                                                                                                                                                                                                                                                                                                                                                                                                                                                                                                                                                                                                                                                                                                                                                                                                                                                                                                                                                                                                                                                                                                                                                                                                                                                                                                                                                                                                                                                                                                                                                                                                                                                                                                                                                                                                                                                                                                                                                                                                                                                                                                                                                                                                                                                                                                                                                                                                                                                                                                                                                                                                                                                                                                                                                                                                                                                                                                                                                                                                                                                                                                                                                                                                                                                                                                                                                                                                                                                                                                                                                                                                                                                                                                                                                                                                                                                                                                                                                                                                                                                                                                                                                                                                                                                                                                                                                                                                                                                                                                                                                                                                                                                                                                                                                                                                                                                                                                                                                                                                                                                                                                                                                                                                                                                                                                                                                                                                                                                                                                                                                                                                                                                                                                                                                                                                                                                                                                                                                                                                                                                                                                                                                                                                                                                                                                                                                                                                                                                                                                                                                                                                                                                                                                                                                                                                                                                                                                                                                                                                                                                                                                                                                                                                                                                                                                                                                                                                                                                                                                                                                                                                                                                                                                                                                                                                                                                                                                                                                                                                                                                                                                                                                                                                                                                                                                                                                                                                                                                                                                                                                                                                                                                                                                                                                                                                                                                                                                                                                                                                                                                                                                                                                                                                                                                                                                                                                                                                                                                                                                                                                                                                                                                                                                                                                                                                                                                                                                                                                                                                                                                                                                                                                                                                                                                                                                                                                                                                                                                                                                                                                                                                                                                                                                                                                                                                                                                                                                                                                                                                                                                                                                                                                                                                                                                                                                                                                                                                                                                                                                                                                                                                                                                                                                                                                                                                                                                                                                                                                                                                                                                                                                                                                                                                                                                                                                                                                                                                                                                                                                                                                                                                                                                                                                                                                                                                                                                                                                                                                                                                                                                                                                                                                                                                                                                                                                                                                                                                                                                                                                                                                                                                                                                                                                                                                                                                                                                                                                                                                                                                                                                                                                                                                                                                                                                                                                                                                                                                                                                                                                                                                                                                                                                                                                                                                                                                                                                                                                                                                                                                                                                                                                                                                                                                                                                                                                                                                                                                                                                                                                                                                                                                                                                                                                                                                                                                                                                                                                                                                                                                                                                                                                                                                                                                                                                                                                                                                                                                                                                                                                                                                                                                                                                                                                                                                                                                                                                                                                                                                                                                                                                                                                                                                                                                                                                                                                                                                                                                                                                                                                                                                                                                                                                                                                                                                                                                                                                                                                                                                                                                                                                                                                                                                                                                                                                                                                                                                                                                                                                                                                                                                                                                                                                                                                                                                                                                                                                                                                                                                                                                                                                                                                                                                                                                                                                                                                                                                                                                                                                                                                                                                                                                                                                                                                                                                                                                                                                                                                                                                                                                                                                                                                                                                                                                                                                                                                                                                                                                                                                                                                                                                                                                                                                                                                                                                                                                                                                                                                                                                                                                                                                                                                                                                                                                                                                                                                                                                                                                                                                                                                                                                                                                                                                                                                                                                                                                                                                                                                                                                                                                                                                                                                                                                                                                                                                                                                                                                                                                                                                                                                                                                                                                                                                                                                                                                                                                                                                                                                                                                                                                                                                                                                                                                                                                                                                                                                                                                                                                                                                                                                                                                                                                                                                                                                                                                                                                                                                                                                                                                                                                                                                                                                                                                                                                                                                                                                                                                                                                                                                                                                                                                                                                                                                                                                                                                                                                                                                                                                                                                                                                                                                                                                                                                                                                                                                                                                                                                                                                                                                                                                                                                                                                                                                                                                                                                                                                                                                                                                                                                                                                                                                                                                                                                                                                                                                                                                                                                                                                                                                                                                                                                                                                                                                                                                                                                                                                                                                                                                                                                                                                                                                                                                                                                                                                                                                                                                                                                                                                                                                                                                                                                                                                                                                                                                                                                                                                                                                                                                                                                                                                                                                                                                                                                                                                                                                                                                                                                                                                                                                                                                                                                                                                                                                                                                                                                                                                                                                                                                                                                                                                                                                                                                                                                                                                                                                                                                                                                                                                                                                                                                                                                                                                                                                                                                                                                                                                                                                                           
[...]
                                                                                                                                                                                                                                                                                                                                                                                                                                                                                                                                                                                                                                                                                                                                                                                                                                                                                                                                                                                                                                                                                                                                                                                                                                                                                                                                                                                                                                                                                                                                                                                                                                                                                                                                                                                                                                                                                                                                                                                                                                                                                                                                                                                                                                                                                                                                                                                                                                                                                                                                                                                                                                                                                                                                                                                                                                                                                                                                                                                                                                                                                                                                                                                                                                                                                                                                                                                                                                                                                                                                                                                                                                                                                                                                                                                                                                                                                                                                                                                                                                                                                                                                                                                                                                                                                                                                                                                                                                                                                                                                                                                                                                                                                                                                                                                                                                                                                                                                                                                                                                                                                                                                                                                                                                                                                                                                                                                                                                                                                                                                                                                                                                                                                                                                                                                                                                                                                                                                                                                                                                                                                                                                                                                                                                                                                                                                                                                                                                                                                                                                                                                                                                                                                                                                                                                                                                                                                                                                                                                                                                                                                                                                                                                                                                                                                                                                                                                                                                                                                                                                                                                                                                                                                                                                                                                                                                                                                                                                                                                                                                                                                                                                                                                                                                                                                                                                                                                                                                                                                                                                                                                                                                                                                                                                                                                                                                                                                                                                                                                                                                                                                                                                                                                                                                                                                                                                                                                                                                                                                                                                                                                                                                                                                                                                                                                                                                                                                                                                                                                                                                                                                                                                                                                                                                                                                                                                                                                                                                                                                                                                                                                                                                                                                                                                                                                                                                                                                                                                                                                                                                                                                                                                                                                                                                                                                                                                                                                                                                                                                                                                                                                                                                                                                                                                                                                                                                                                                                                                                                                                                                                                                                                                                                                                                                                                                                                                                                                                                                                                                                                                                                                                                                                                                                                                                                                                                                                                                                                                                                                                                                                                                                                                                                                                                                                                                                                                                                                                                                                                                                                                                                                                                                                                                                                                                                                                                                                                                                                                                                                                                                                                                                                                                                                                                                                                                                                                                                                                                                                                                                                                                                                                                                                                                                                                                                                                                                                                                                                                                                                                                                                                                                                                                                                                                                                                                                                                                                                                                                                                                                                                                                                                                                                                                                                                                                                                                                                                                                                                                              PASSED [ 99%]
tests/test_web_routes.py::TestGLRoutes::test_trial_balance_route_exists PASSED [ 99%]
tests/test_web_routes.py::TestAPRoutes::test_suppliers_list_route_exists PASSED [ 99%]
tests/test_web_routes.py::TestAPRoutes::test_suppliers_new_form_route_exists PASSED [ 99%]
tests/test_web_routes.py::TestAPRoutes::test_supplier_detail_route_exists PASSED [ 99%]
tests/test_web_routes.py::TestAPRoutes::test_supplier_edit_form_route_exists PASSED [ 99%]
tests/test_web_routes.py::TestAPRoutes::test_invoices_list_route_exists PASSED [ 99%]
tests/test_web_routes.py::TestAPRoutes::test_invoices_new_form_route_exists PASSED [ 99%]
tests/test_web_routes.py::TestAPRoutes::test_invoice_detail_route_exists PASSED [ 99%]
tests/test_web_routes.py::TestAPRoutes::test_payments_list_route_exists PASSED [ 99%]
tests/test_web_routes.py::TestAPRoutes::test_payments_new_form_route_exists PASSED [ 99%]
tests/test_web_routes.py::TestAPRoutes::test_payment_detail_route_exists PASSED [ 99%]
tests/test_web_routes.py::TestAPRoutes::test_aging_report_route_exists PASSED [ 99%]
tests/test_web_routes.py::TestARRoutes::test_customers_list_route_exists PASSED [ 99%]
tests/test_web_routes.py::TestARRoutes::test_customers_new_form_route_exists PASSED [ 99%]
tests/test_web_routes.py::TestARRoutes::test_customer_detail_route_exists PASSED [ 99%]
tests/test_web_routes.py::TestARRoutes::test_customer_edit_form_route_exists PASSED [ 99%]
tests/test_web_routes.py::TestARRoutes::test_invoices_list_route_exists PASSED [ 99%]
tests/test_web_routes.py::TestARRoutes::test_invoices_new_form_route_exists PASSED [ 99%]
tests/test_web_routes.py::TestARRoutes::test_invoice_detail_route_exists PASSED [ 99%]
tests/test_web_routes.py::TestARRoutes::test_receipts_list_route_exists PASSED [ 99%]
tests/test_web_routes.py::TestARRoutes::test_receipts_new_form_route_exists PASSED [ 99%]
tests/test_web_routes.py::TestARRoutes::test_receipt_detail_route_exists PASSED [ 99%]
tests/test_web_routes.py::TestARRoutes::test_aging_report_route_exists PASSED [ 99%]
tests/test_web_routes.py::TestHTMXResponses::test_htmx_request_header_handled PASSED [ 99%]
tests/test_web_routes.py::TestHTMXResponses::test_htmx_pagination_request PASSED [ 99%]
tests/test_web_routes.py::TestHTMXResponses::test_htmx_search_request PASSED [ 99%]
tests/test_web_routes.py::TestHTMXResponses::test_htmx_filter_request PASSED [ 99%]
tests/test_web_routes.py::TestHTMXResponses::test_gl_htmx_search PASSED  [ 99%]
tests/test_web_routes.py::TestHTMXResponses::test_ar_htmx_filter PASSED  [ 99%]
tests/test_web_routes.py::TestQueryParameters::test_suppliers_pagination PASSED [ 99%]
tests/test_web_routes.py::TestQueryParameters::test_suppliers_search PASSED [ 99%]
tests/test_web_routes.py::TestQueryParameters::test_suppliers_status_filter PASSED [ 99%]
tests/test_web_routes.py::TestQueryParameters::test_invoices_date_range PASSED [ 99%]
tests/test_web_routes.py::TestQueryParameters::test_journals_date_range PASSED [ 99%]
tests/test_web_routes.py::TestQueryParameters::test_aging_report_date PASSED [ 99%]
tests/test_web_routes.py::TestFormSubmissions::test_supplier_form_post_route_exists PASSED [ 99%]
tests/test_web_routes.py::TestFormSubmissions::test_customer_form_post_route_exists PASSED [ 99%]
tests/test_web_routes.py::TestFormSubmissions::test_ap_invoice_json_post PASSED [ 99%]
tests/test_web_routes.py::TestNonExistentRoutes::test_nonexistent_route_returns_404 PASSED [ 99%]
tests/test_web_routes.py::TestNonExistentRoutes::test_invalid_module_route_returns_404 PASSED [100%]

=============================== warnings summary ===============================
tests/e2e/test_module_integrations.py:301
  /root/dotmac/tests/e2e/test_module_integrations.py:301: PytestUnknownMarkWarning: Unknown pytest.mark.slow - is this a typo?  You can register custom marks to avoid this warning - for details, see https://docs.pytest.org/en/stable/how-to/mark.html
    @pytest.mark.slow

tests/e2e/test_module_integrations.py:318
  /root/dotmac/tests/e2e/test_module_integrations.py:318: PytestUnknownMarkWarning: Unknown pytest.mark.slow - is this a typo?  You can register custom marks to avoid this warning - for details, see https://docs.pytest.org/en/stable/how-to/mark.html
    @pytest.mark.slow

tests/services/test_bulk_actions.py:23
  /root/dotmac/tests/services/test_bulk_actions.py:23: PytestCollectionWarning: cannot collect test class 'TestModel' because it has a __init__ constructor (from: tests/services/test_bulk_actions.py)
    class TestModel(Base):

-- Docs: https://docs.pytest.org/en/stable/how-to/capture-warnings.html
=== 3531 passed, 867 skipped, 8 deselected, 3 warnings in 304.78s (0:05:04) ====
